<?xml version="1.0" encoding="UTF-8"?>
<!-- Generated by org.testng.reporters.JUnitReportReporter -->
<testsuite hostname="Win10-1909v2" failures="0" tests="1" name="com.gs.nguyen.NewTest" time="9.874" errors="0" timestamp="2022-06-10T09:21:41 ICT" skipped="0">
  <testcase classname="com.gs.nguyen.NewTest" name="TestUser" time="9.874"/>
  <system-out/>
</testsuite> <!-- com.gs.nguyen.NewTest -->
