<?xml version="1.0" encoding="UTF-8"?>
<!-- Generated by org.testng.reporters.JUnitReportReporter -->
<testsuite hostname="Win10-1909v2" failures="0" tests="2" name="com.gs.nguyen.TestFirefox" time="0.608" errors="0" timestamp="2022-06-10T11:40:33 ICT" skipped="0">
  <testcase classname="com.gs.nguyen.TestFirefox" name="titleGalaxy" time="0.020"/>
  <system-out/>
  <testcase classname="com.gs.nguyen.TestFirefox" name="KhoPhim" time="0.588"/>
  <system-out/>
</testsuite> <!-- com.gs.nguyen.TestFirefox -->
