<?xml version="1.0" encoding="UTF-8"?>
<!-- Generated by org.testng.reporters.JUnitReportReporter -->
<testsuite hostname="Win10-1909v2" failures="0" tests="3" name="com.gs.nguyen.TestAlert" time="1.166" errors="0" timestamp="2022-06-10T09:21:41 ICT" skipped="0">
  <testcase classname="com.gs.nguyen.TestAlert" name="TestOk" time="0.142"/>
  <system-out/>
  <testcase classname="com.gs.nguyen.TestAlert" name="TestCancel" time="0.950"/>
  <system-out/>
  <testcase classname="com.gs.nguyen.TestAlert" name="testTextAlert" time="0.074"/>
  <system-out/>
</testsuite> <!-- com.gs.nguyen.TestAlert -->
